src/components/auth-provider.tsx(46,9): error TS6133: 'adminEmail' is declared but its value is never read.
src/components/auth-provider.tsx(55,13): error TS6133: 'user' is declared but its value is never read.
src/components/auth-provider.tsx(83,9): error TS6133: 'data' is declared but its value is never read.
src/components/auth-provider.tsx(118,9): error TS2322: Type '() => Promise<User>' is not assignable to type '() => Promise<void>'.
  Type 'Promise<User>' is not assignable to type 'Promise<void>'.
    Type 'User' is not assignable to type 'void'.
src/components/bulk-order-cta.tsx(4,27): error TS6133: 'Router' is declared but its value is never read.
src/components/bulk-order-cta.tsx(4,35): error TS6133: 'Routes' is declared but its value is never read.
src/components/bulk-order-cta.tsx(4,43): error TS6133: 'Route' is declared but its value is never read.
src/components/bulk-order-modal.tsx(35,51): error TS6133: 'productId' is declared but its value is never read.
src/components/bulk-order-modal.tsx(35,86): error TS6133: 'country' is declared but its value is never read.
src/components/bulk-order-modal.tsx(365,20): error TS2322: Type '{ children: string; to: string; className: string; }' is not assignable to type 'DetailedHTMLProps<AnchorHTMLAttributes<HTMLAnchorElement>, HTMLAnchorElement>'.
  Property 'to' does not exist on type 'DetailedHTMLProps<AnchorHTMLAttributes<HTMLAnchorElement>, HTMLAnchorElement>'.
src/components/cart-provider.tsx(7,1): error TS6133: 'Product' is declared but its value is never read.
src/components/cloudinary-image.tsx(3,8): error TS6133: 'React' is declared but its value is never read.
src/components/cloudinary-image.tsx(60,7): error TS2607: JSX element class does not support attributes because it does not have a 'props' property.
src/components/cloudinary-image.tsx(60,8): error TS2786: 'Image' cannot be used as a JSX component.
  Its type 'new (width?: number | undefined, height?: number | undefined) => HTMLImageElement' is not a valid JSX element type.
    Type 'new (width?: number | undefined, height?: number | undefined) => HTMLImageElement' is not assignable to type 'new (props: any, deprecatedLegacyContext?: any) => Component<any, any, any>'.
      Type 'HTMLImageElement' is missing the following properties from type 'Component<any, any, any>': context, setState, forceUpdate, render, and 3 more.
src/components/cloudinary-upload-widget.tsx(5,10): error TS6133: 'Upload' is declared but its value is never read.
src/components/contact-integration.tsx(28,3): error TS6133: 'formType' is declared but its value is never read.
src/components/featured-products.tsx(5,1): error TS6133: 'Badge' is declared but its value is never read.
src/components/featured-products.tsx(6,24): error TS6133: 'Star' is declared but its value is never read.
src/components/featured-products.tsx(6,30): error TS6133: 'Award' is declared but its value is never read.
src/components/featured-products.tsx(6,37): error TS6133: 'TrendingUp' is declared but its value is never read.
src/components/featured-products.tsx(6,88): error TS6133: 'Store' is declared but its value is never read.
src/components/featured-products.tsx(19,10): error TS6133: 'vendors' is declared but its value is never read.
src/components/featured-products.tsx(71,15): error TS2345: Argument of type '{ productId: string; name: string; price: number; image: string; quantity: number; }' is not assignable to parameter of type 'CartItem'.
  Property 'options' is missing in type '{ productId: string; name: string; price: number; image: string; quantity: number; }' but required in type 'CartItem'.
src/components/header.tsx(68,11): error TS6133: 'items' is declared but its value is never read.
src/components/header.tsx(68,48): error TS6133: 'isClient' is declared but its value is never read.
src/components/header.tsx(181,42): error TS6133: 'index' is declared but its value is never read.
src/components/image-test.tsx(76,17): error TS2607: JSX element class does not support attributes because it does not have a 'props' property.
src/components/image-test.tsx(76,18): error TS2786: 'Image' cannot be used as a JSX component.
  Its type 'new (width?: number | undefined, height?: number | undefined) => HTMLImageElement' is not a valid JSX element type.
    Type 'new (width?: number | undefined, height?: number | undefined) => HTMLImageElement' is not assignable to type 'new (props: any, deprecatedLegacyContext?: any) => Component<any, any, any>'.
      Type 'HTMLImageElement' is missing the following properties from type 'Component<any, any, any>': context, setState, forceUpdate, render, and 3 more.
src/components/image-test.tsx(82,29): error TS7006: Parameter 'e' implicitly has an 'any' type.
src/components/mega-menu.tsx(6,1): error TS6133: 'Button' is declared but its value is never read.
src/components/optimized-image.tsx(23,6): error TS6133: 'props' is declared but its value is never read.
src/components/optimized-image.tsx(34,9): error TS6133: 'isLocalImage' is declared but its value is never read.
src/components/password-strength-indicator.tsx(24,9): error TS6133: 'getStrengthColor' is declared but its value is never read.
src/components/payment-form.tsx(9,50): error TS6133: 'AddressElement' is declared but its value is never read.
src/components/personalized-recommendations.tsx(13,5): error TS2353: Object literal may only specify known properties, and 'categories' does not exist in type '{ countries: Record<string, number>; }'.
src/components/product-detail-modal.tsx(7,44): error TS6133: 'Star' is declared but its value is never read.
src/components/product-detail-modal.tsx(12,1): error TS6192: All imports in import declaration are unused.
src/components/product-detail-modal.tsx(25,25): error TS6133: 'setSelectedImage' is declared but its value is never read.
src/components/product-detail-modal.tsx(27,11): error TS6133: 'isInWishlist' is declared but its value is never read.
src/components/product-detail-modal.tsx(37,15): error TS2345: Argument of type '{ productId: string; name: string; price: number; image: string; quantity: number; }' is not assignable to parameter of type 'CartItem'.
  Property 'options' is missing in type '{ productId: string; name: string; price: number; image: string; quantity: number; }' but required in type 'CartItem'.
src/components/product-detail-modal.tsx(59,25): error TS2339: Property 'outOfStock' does not exist on type 'Product'.
src/components/product-detail-modal.tsx(88,17): error TS2607: JSX element class does not support attributes because it does not have a 'props' property.
src/components/product-detail-modal.tsx(88,18): error TS2786: 'Image' cannot be used as a JSX component.
  Its type 'new (width?: number | undefined, height?: number | undefined) => HTMLImageElement' is not a valid JSX element type.
    Type 'new (width?: number | undefined, height?: number | undefined) => HTMLImageElement' is not assignable to type 'new (props: any, deprecatedLegacyContext?: any) => Component<any, any, any>'.
      Type 'HTMLImageElement' is missing the following properties from type 'Component<any, any, any>': context, setState, forceUpdate, render, and 3 more.
src/components/product-detail-modal.tsx(93,29): error TS7006: Parameter 'e' implicitly has an 'any' type.
src/components/product-detail-modal.tsx(100,24): error TS2339: Property 'outOfStock' does not exist on type 'Product'.
src/components/product-detail-modal.tsx(119,26): error TS2339: Property 'bestseller' does not exist on type 'Product'.
src/components/product-detail-modal.tsx(122,26): error TS2339: Property 'new' does not exist on type 'Product'.
src/components/product-detail-modal.tsx(189,35): error TS2339: Property 'outOfStock' does not exist on type 'Product'.
src/components/product-filters.tsx(9,1): error TS6133: 'Link' is declared but its value is never read.
src/components/product-reviews.tsx(255,29): error TS2607: JSX element class does not support attributes because it does not have a 'props' property.
src/components/product-reviews.tsx(255,30): error TS2786: 'Image' cannot be used as a JSX component.
  Its type 'new (width?: number | undefined, height?: number | undefined) => HTMLImageElement' is not a valid JSX element type.
    Type 'new (width?: number | undefined, height?: number | undefined) => HTMLImageElement' is not assignable to type 'new (props: any, deprecatedLegacyContext?: any) => Component<any, any, any>'.
      Type 'HTMLImageElement' is missing the following properties from type 'Component<any, any, any>': context, setState, forceUpdate, render, and 3 more.
src/components/review-form.tsx(292,23): error TS2607: JSX element class does not support attributes because it does not have a 'props' property.
src/components/review-form.tsx(292,24): error TS2786: 'Image' cannot be used as a JSX component.
  Its type 'new (width?: number | undefined, height?: number | undefined) => HTMLImageElement' is not a valid JSX element type.
    Type 'new (width?: number | undefined, height?: number | undefined) => HTMLImageElement' is not assignable to type 'new (props: any, deprecatedLegacyContext?: any) => Component<any, any, any>'.
      Type 'HTMLImageElement' is missing the following properties from type 'Component<any, any, any>': context, setState, forceUpdate, render, and 3 more.
src/components/site-header.tsx(10,3): error TS6133: 'X' is declared but its value is never read.
src/components/site-header.tsx(12,3): error TS6133: 'ChevronDown' is declared but its value is never read.
src/components/site-header.tsx(14,3): error TS6133: 'LogOut' is declared but its value is never read.
src/components/site-header.tsx(15,3): error TS6133: 'Package' is declared but its value is never read.
src/components/site-header.tsx(43,7): error TS6133: 'legacyCategories' is declared but its value is never read.
src/components/stripe-checkout.tsx(36,9): error TS6133: 'navigate' is declared but its value is never read.
src/components/stripe-checkout.tsx(40,10): error TS6133: 'isSubmitting' is declared but its value is never read.
src/components/stripe-checkout.tsx(40,24): error TS6133: 'setIsSubmitting' is declared but its value is never read.
src/components/stripe-checkout.tsx(143,3): error TS6133: 'clientSecret' is declared but its value is never read.
src/components/stripe-provider.tsx(45,45): error TS2322: Type '{ clientSecret: string | undefined; appearance: { theme: string; variables: { colorPrimary: string; }; }; }' is not assignable to type 'StripeElementsOptions | undefined'.
  Type '{ clientSecret: string | undefined; appearance: { theme: string; variables: { colorPrimary: string; }; }; }' is not assignable to type 'StripeElementsOptionsClientSecret | StripeElementsOptionsMode'.
    Type '{ clientSecret: string | undefined; appearance: { theme: string; variables: { colorPrimary: string; }; }; }' is not assignable to type 'StripeElementsOptionsMode'.
      Types of property 'clientSecret' are incompatible.
        Type 'string | undefined' is not assignable to type 'undefined'.
          Type 'string' is not assignable to type 'undefined'.
src/components/theme-provider.tsx(1,8): error TS6133: 'React' is declared but its value is never read.
src/components/trending-products.tsx(6,27): error TS6133: 'Router' is declared but its value is never read.
src/components/trending-products.tsx(6,35): error TS6133: 'Routes' is declared but its value is never read.
src/components/trending-products.tsx(6,43): error TS6133: 'Route' is declared but its value is never read.
src/components/trending-products.tsx(296,43): error TS6133: 'index' is declared but its value is never read.
src/components/ui/calendar.tsx(57,20): error TS6133: 'props' is declared but its value is never read.
src/components/ui/calendar.tsx(58,21): error TS6133: 'props' is declared but its value is never read.
src/components/vendor-dashboard-stats.tsx(5,54): error TS6133: 'limit' is declared but its value is never read.
src/hooks/use-recommendations.ts(487,28): error TS18048: 'p' is possibly 'undefined'.
src/hooks/use-vendor.ts(5,10): error TS6133: 'getActiveStore' is declared but its value is never read.
src/hooks/use-wishlist.ts(3,23): error TS6133: 'useEffect' is declared but its value is never read.
src/lib/cloudinary-migration.server.ts(4,1): error TS6133: 'products' is declared but its value is never read.
src/lib/cloudinary-migration.server.ts(6,1): error TS6133: 'fsPromises' is declared but its value is never read.
src/lib/cloudinary-migration.server.ts(228,21): error TS18047: 'uploadRes' is possibly 'null'.
src/lib/cloudinary-migration.server.ts(229,16): error TS18047: 'uploadRes' is possibly 'null'.
src/lib/cloudinary-migration.server.ts(232,73): error TS18047: 'uploadRes' is possibly 'null'.
src/lib/cloudinary-migration.ts(4,1): error TS6133: 'Product' is declared but its value is never read.
src/lib/cloudinary-migration.ts(115,41): error TS2345: Argument of type '{ cloudinaryImages: { publicId: string; url: string; alt: string; }[]; id: string; name: string; description: string; price: number; category: string; displayCategory?: string; origin: string; ... 12 more ...; popularity?: number; }' is not assignable to parameter of type 'Partial<Product>'.
  Types of property 'reviews' are incompatible.
    Type 'Review[] | undefined' is not assignable to type '{ average: number; count: number; } | undefined'.
      Type 'Review[]' is missing the following properties from type '{ average: number; count: number; }': average, count
src/lib/cloudinary-migration.ts(176,3): error TS2322: Type '{ publicId: string; url: string; alt: string; }[]' is not assignable to type 'never[]'.
  Type '{ publicId: string; url: string; alt: string; }' is not assignable to type 'never'.
src/lib/cloudinary-migration.ts(181,38): error TS2345: Argument of type '{ cloudinaryImages: { publicId: string; url: string; alt: string; }[]; id: string; name: string; description: string; price: number; category: string; displayCategory?: string; origin: string; ... 12 more ...; popularity?: number; }' is not assignable to parameter of type 'Partial<Product>'.
  Types of property 'reviews' are incompatible.
    Type 'Review[] | undefined' is not assignable to type '{ average: number; count: number; } | undefined'.
      Type 'Review[]' is missing the following properties from type '{ average: number; count: number; }': average, count
src/lib/cloudinary-migration.ts(185,14): error TS2339: Property 'updated' does not exist on type '{ name: string; originalImages: string[]; cloudinaryImages: never[]; }'.
src/lib/cloudinary-migration.ts(188,14): error TS2339: Property 'updated' does not exist on type '{ name: string; originalImages: string[]; cloudinaryImages: never[]; }'.
src/lib/cloudinary-migration.ts(189,14): error TS2339: Property 'error' does not exist on type '{ name: string; originalImages: string[]; cloudinaryImages: never[]; }'.
src/lib/firebase-orders.ts(276,31): error TS6133: 'orderId' is declared but its value is never read.
src/lib/firebase-orders.ts(276,48): error TS6133: 'callback' is declared but its value is never read.
src/lib/firebase-products.ts(360,18): error TS18048: 'updates.images.length' is possibly 'undefined'.
src/lib/firebase-products.ts(361,28): error TS18048: 'updates.cloudinaryImages.length' is possibly 'undefined'.
src/lib/firebase-realtime.ts(1,47): error TS6133: 'child' is declared but its value is never read.
src/lib/firebase-storage.ts(4,33): error TS6133: 'file' is declared but its value is never read.
src/lib/firebase-storage.ts(12,47): error TS6133: 'folder' is declared but its value is never read.
src/lib/firebase-storage.ts(24,51): error TS6133: 'folder' is declared but its value is never read.
src/lib/firebase-vendors.ts(14,3): error TS6133: 'deleteDoc' is declared but its value is never read.
src/lib/firebase-vendors.ts(15,3): error TS6133: 'FirestoreError' is declared but its value is never read.
src/lib/firebase-vendors.ts(291,45): error TS6133: 'vendorId' is declared but its value is never read.
src/lib/stripe/stripe-server.ts(10,3): error TS2322: Type '"2023-10-16"' is not assignable to type '"2025-07-30.basil"'.
src/lib/utils.ts(3,27): error TS6133: 'Product' is declared but its value is never read.
src/lib/utils.ts(4,1): error TS6133: 'fs' is declared but its value is never read.
src/lib/utils.ts(5,1): error TS6133: 'path' is declared but its value is never read.
src/lib/utils.ts(26,45): error TS6133: 'jsonPath' is declared but its value is never read.
src/lib/utils.ts(26,63): error TS6133: 'imagesDir' is declared but its value is never read.
src/lib/utils.ts(666,10): error TS6133: 'extractProductNameFromUrl' is declared but its value is never read.
src/lib/utils.ts(679,10): error TS6133: 'detectCategory' is declared but its value is never read.
src/lib/vendor-migration.ts(1,55): error TS6133: 'deleteDoc' is declared but its value is never read.
src/lib/vendor-migration.ts(24,15): error TS6133: 'newStoreData' is declared but its value is never read.
src/pages/admin/AdminOrders.tsx(1,20): error TS6133: 'useEffect' is declared but its value is never read.
src/pages/admin/CloudinaryMigration.tsx(9,1): error TS6133: 'Separator' is declared but its value is never read.
src/pages/admin/CloudinaryMigration.tsx(24,54): error TS6133: 'where' is declared but its value is never read.
src/pages/admin/CloudinaryMigration.tsx(183,38): error TS6133: 'imageUrl' is declared but its value is never read.
src/pages/admin/CloudinaryReport.tsx(8,1): error TS6133: 'Separator' is declared but its value is never read.
src/pages/admin/CloudinaryReport.tsx(19,31): error TS6133: 'query' is declared but its value is never read.
src/pages/admin/CloudinaryReport.tsx(19,38): error TS6133: 'where' is declared but its value is never read.
src/pages/admin/CloudinaryReport.tsx(19,45): error TS6133: 'orderBy' is declared but its value is never read.
src/pages/admin/CloudinaryReport.tsx(19,54): error TS6133: 'limit' is declared but its value is never read.
src/pages/admin/CloudinaryReport.tsx(84,10): error TS6133: 'products' is declared but its value is never read.
src/pages/admin/ImportProducts.tsx(8,1): error TS6133: 'Textarea' is declared but its value is never read.
src/pages/admin/ImportProducts.tsx(41,1): error TS6133: 'MAIN_CATEGORIES' is declared but its value is never read.
src/pages/api/cloudinary/migrate-all/route.ts(1,43): error TS2307: Cannot find module 'next/server' or its corresponding type declarations.
src/pages/api/cloudinary/migrate-all/route.ts(22,13): error TS6133: 'decodedToken' is declared but its value is never read.
src/pages/api/cloudinary/migrate/[id]/route.ts(1,43): error TS2307: Cannot find module 'next/server' or its corresponding type declarations.
src/pages/api/cloudinary/migrate/[id]/route.ts(28,13): error TS6133: 'decodedToken' is declared but its value is never read.
src/pages/api/debug/route.ts(1,30): error TS2307: Cannot find module 'next/server' or its corresponding type declarations.
src/pages/api/payments/create-intent/route.ts(6,30): error TS2307: Cannot find module 'next/server' or its corresponding type declarations.
src/pages/api/payments/create-intent/route.ts(7,1): error TS6133: 'createPaymentIntent' is declared but its value is never read.
src/pages/api/payments/create-intent/route.ts(9,28): error TS6133: 'request' is declared but its value is never read.
src/pages/api/products/create/route.ts(1,43): error TS2307: Cannot find module 'next/server' or its corresponding type declarations.
src/pages/api/products/create/route.ts(41,9): error TS6133: 'decodedToken' is declared but its value is never read.
src/pages/api/products/update/[id]/route.ts(1,43): error TS2307: Cannot find module 'next/server' or its corresponding type declarations.
src/pages/api/products/update/[id]/route.ts(3,1): error TS6133: 'auth' is declared but its value is never read.
src/pages/api/products/update/[id]/route.ts(3,10): error TS2459: Module '"@/lib/firebase-auth"' declares 'auth' locally, but it is not exported.
src/pages/bulk-order/page.tsx(19,3): error TS6133: 'BreadcrumbLink' is declared but its value is never read.
src/pages/bulk-order/page.tsx(29,9): error TS6133: 'formatPrice' is declared but its value is never read.
src/pages/checkout/checkout-page-jsx.tsx(1,8): error TS6133: 'React' is declared but its value is never read.
src/pages/checkout/checkout-page-jsx.tsx(2,27): error TS2307: Cannot find module 'next/navigation' or its corresponding type declarations.
src/pages/checkout/checkout-page-jsx.tsx(51,25): error TS6133: 'step' is declared but its value is never read.
src/pages/checkout/checkout-page-updates.tsx(4,27): error TS2307: Cannot find module 'next/navigation' or its corresponding type declarations.
src/pages/checkout/checkout-page-updates.tsx(5,1): error TS6133: 'Image' is declared but its value is never read.
src/pages/checkout/checkout-page-updates.tsx(5,19): error TS2307: Cannot find module 'next/image' or its corresponding type declarations.
src/pages/checkout/checkout-page-updates.tsx(14,10): error TS6133: 'CreditCard' is declared but its value is never read.
src/pages/checkout/checkout-page-updates.tsx(58,10): error TS6133: 'paymentMethod' is declared but its value is never read.
src/pages/checkout/checkout-page-updates.tsx(58,25): error TS6133: 'setPaymentMethod' is declared but its value is never read.
src/pages/checkout/checkout-page-updates.tsx(201,39): error TS6133: 'paymentIntentId' is declared but its value is never read.
src/pages/checkout/page.tsx(3,8): error TS6133: 'React' is declared but its value is never read.
src/pages/checkout/page.tsx(15,1): error TS6133: 'useSafeCurrency' is declared but its value is never read.
src/pages/checkout/page.tsx(27,1): error TS6133: 'Link' is declared but its value is never read.
src/pages/complaint/page.tsx(19,3): error TS6133: 'Upload' is declared but its value is never read.
src/pages/complaint/page.tsx(105,35): error TS6133: 'publicId' is declared but its value is never read.
src/pages/complaint/page.tsx(296,50): error TS6133: 'url' is declared but its value is never read.
src/pages/debug/admin-test/page.tsx(3,1): error TS6133: 'useState' is declared but its value is never read.
src/pages/debug/admin-test/page.tsx(4,18): error TS2307: Cannot find module 'next/link' or its corresponding type declarations.
src/pages/debug/admin-test/page.tsx(10,23): error TS6133: 'AlertCircle' is declared but its value is never read.
src/pages/debug/grant-admin/page.tsx(7,1): error TS6133: 'Input' is declared but its value is never read.
src/pages/debug/grant-admin/page.tsx(14,17): error TS6133: 'profile' is declared but its value is never read.
src/pages/debug/grant-admin/page.tsx(16,10): error TS6133: 'targetEmail' is declared but its value is never read.
src/pages/debug/grant-admin/page.tsx(16,23): error TS6133: 'setTargetEmail' is declared but its value is never read.
src/pages/debug/service-provider/page.tsx(11,18): error TS2307: Cannot find module 'next/link' or its corresponding type declarations.
src/pages/debug/store-products/page.tsx(4,38): error TS6133: 'where' is declared but its value is never read.
src/pages/debug/store-products/page.tsx(9,56): error TS6133: 'XCircle' is declared but its value is never read.
src/pages/layout.tsx(2,31): error TS2307: Cannot find module 'next' or its corresponding type declarations.
src/pages/layout.tsx(3,32): error TS2307: Cannot find module 'next/font/google' or its corresponding type declarations.
src/pages/layout.tsx(17,1): error TS6133: 'User' is declared but its value is never read.
src/pages/layout.tsx(18,1): error TS6133: 'Link' is declared but its value is never read.
src/pages/layout.tsx(18,18): error TS2307: Cannot find module 'next/link' or its corresponding type declarations.
src/pages/layout.tsx(110,24): error TS2322: Type '{ children: Element; attribute: string; defaultTheme: string; enableSystem: true; }' is not assignable to type 'IntrinsicAttributes & { children: ReactNode; }'.
  Property 'attribute' does not exist on type 'IntrinsicAttributes & { children: ReactNode; }'.
src/pages/order-confirmation/page.tsx(10,56): error TS6133: 'ArrowRight' is declared but its value is never read.
src/pages/order-confirmation/page.tsx(53,25): error TS2345: Argument of type 'Order' is not assignable to parameter of type 'SetStateAction<Order | null>'.
  Type 'import("C:/Users/Raphael/RUACH-Ecommers-master/src/lib/firebase-orders").Order' is not assignable to type 'import("C:/Users/Raphael/RUACH-Ecommers-master/src/types/index").Order'.
    Types of property 'items' are incompatible.
      Type 'OrderItem[]' is not assignable to type 'CartItem[]'.
        Type 'OrderItem' is not assignable to type 'CartItem'.
          Types of property 'image' are incompatible.
            Type 'string | undefined' is not assignable to type 'string'.
              Type 'undefined' is not assignable to type 'string'.
src/pages/order-confirmation/page.tsx(57,9): error TS2322: Type 'void' is not assignable to type '(() => void) | undefined'.
src/pages/page.tsx(7,30): error TS2307: Cannot find module '@/components/services-showcase' or its corresponding type declarations.
src/pages/page.tsx(8,27): error TS2307: Cannot find module 'next/navigation' or its corresponding type declarations.
src/pages/page.tsx(21,10): error TS6133: 'keySequence' is declared but its value is never read.
src/pages/payment-successful/page.tsx(12,9): error TS6133: 'navigate' is declared but its value is never read.
src/pages/payment-successful/page.tsx(14,24): error TS6133: 'setOrderDetails' is declared but its value is never read.
src/pages/profile/loading.tsx(10,3): error TS6133: 'BreadcrumbPage' is declared but its value is never read.
src/pages/profile/orders/[id]/page.tsx(4,38): error TS2307: Cannot find module 'next/navigation' or its corresponding type declarations.
src/pages/profile/orders/[id]/page.tsx(5,18): error TS2307: Cannot find module 'next/link' or its corresponding type declarations.
src/pages/profile/orders/[id]/page.tsx(6,19): error TS2307: Cannot find module 'next/image' or its corresponding type declarations.
src/pages/profile/orders/[id]/page.tsx(17,3): error TS6133: 'ArrowLeft' is declared but its value is never read.
src/pages/profile/orders/[id]/page.tsx(40,9): error TS6133: 'router' is declared but its value is never read.
src/pages/profile/orders/[id]/page.tsx(43,17): error TS2339: Property 'isAdmin' does not exist on type 'AuthContextType'.
src/pages/profile/orders/[id]/page.tsx(78,25): error TS2345: Argument of type 'Order' is not assignable to parameter of type 'SetStateAction<Order | null>'.
  Type 'import("C:/Users/Raphael/RUACH-Ecommers-master/src/lib/firebase-orders").Order' is not assignable to type 'import("C:/Users/Raphael/RUACH-Ecommers-master/src/types/index").Order'.
    Types of property 'items' are incompatible.
      Type 'OrderItem[]' is not assignable to type 'CartItem[]'.
        Type 'OrderItem' is not assignable to type 'CartItem'.
          Types of property 'image' are incompatible.
            Type 'string | undefined' is not assignable to type 'string'.
              Type 'undefined' is not assignable to type 'string'.
src/pages/profile/orders/[id]/page.tsx(82,9): error TS2322: Type 'void' is not assignable to type '(() => void) | undefined'.
src/pages/profile/orders/page.tsx(34,9): error TS6133: 'navigate' is declared but its value is never read.
src/pages/profile/orders/page.tsx(60,19): error TS2345: Argument of type 'Order[]' is not assignable to parameter of type 'SetStateAction<Order[]>'.
  Type 'import("C:/Users/Raphael/RUACH-Ecommers-master/src/lib/firebase-orders").Order[]' is not assignable to type 'import("C:/Users/Raphael/RUACH-Ecommers-master/src/types/index").Order[]'.
    Type 'import("C:/Users/Raphael/RUACH-Ecommers-master/src/lib/firebase-orders").Order' is not assignable to type 'import("C:/Users/Raphael/RUACH-Ecommers-master/src/types/index").Order'.
      Types of property 'items' are incompatible.
        Type 'OrderItem[]' is not assignable to type 'CartItem[]'.
          Type 'OrderItem' is not assignable to type 'CartItem'.
            Types of property 'image' are incompatible.
              Type 'string | undefined' is not assignable to type 'string'.
                Type 'undefined' is not assignable to type 'string'.
src/pages/profile/orders/page.tsx(65,21): error TS2345: Argument of type 'Order[]' is not assignable to parameter of type 'SetStateAction<Order[]>'.
  Type 'import("C:/Users/Raphael/RUACH-Ecommers-master/src/lib/firebase-orders").Order[]' is not assignable to type 'import("C:/Users/Raphael/RUACH-Ecommers-master/src/types/index").Order[]'.
    Type 'import("C:/Users/Raphael/RUACH-Ecommers-master/src/lib/firebase-orders").Order' is not assignable to type 'import("C:/Users/Raphael/RUACH-Ecommers-master/src/types/index").Order'.
      Types of property 'items' are incompatible.
        Type 'OrderItem[]' is not assignable to type 'CartItem[]'.
          Type 'OrderItem' is not assignable to type 'CartItem'.
            Types of property 'image' are incompatible.
              Type 'string | undefined' is not assignable to type 'string'.
                Type 'undefined' is not assignable to type 'string'.
src/pages/profile/page.tsx(19,1): error TS6133: 'useLocalStorage' is declared but its value is never read.
src/pages/profile/page.tsx(39,22): error TS2339: Property 'name' does not exist on type 'User'.
src/pages/profile/page.tsx(40,21): error TS2339: Property 'name' does not exist on type 'User'.
src/pages/profile/page.tsx(87,9): error TS7034: Variable 'orderHistory' implicitly has type 'any[]' in some locations where its type cannot be determined.
src/pages/profile/page.tsx(220,15): error TS2345: Argument of type '{ productId: any; name: any; price: any; image: any; quantity: number; }' is not assignable to parameter of type 'CartItem'.
  Property 'options' is missing in type '{ productId: any; name: any; price: any; image: any; quantity: number; }' but required in type 'CartItem'.
src/pages/profile/page.tsx(283,23): error TS2339: Property 'name' does not exist on type 'User'.
src/pages/profile/page.tsx(285,25): error TS7006: Parameter 'n' implicitly has an 'any' type.
src/pages/profile/page.tsx(290,70): error TS2339: Property 'name' does not exist on type 'User'.
src/pages/profile/page.tsx(478,22): error TS7005: Variable 'orderHistory' implicitly has an 'any[]' type.
src/pages/profile/page.tsx(637,48): error TS2304: Cannot find name 'setAddressAsDefault'.
src/pages/register/page.tsx(9,16): error TS6133: 'CardContent' is declared but its value is never read.
src/pages/request-service/page.tsx(16,3): error TS6133: 'Calendar' is declared but its value is never read.
src/pages/request-service/page.tsx(17,3): error TS6133: 'MapPin' is declared but its value is never read.
src/pages/service-provider/dashboard/analytics/page.tsx(8,3): error TS6133: 'TrendingDown' is declared but its value is never read.
src/pages/service-provider/dashboard/analytics/page.tsx(9,3): error TS6133: 'Users' is declared but its value is never read.
src/pages/service-provider/dashboard/analytics/page.tsx(13,3): error TS6133: 'Clock' is declared but its value is never read.
src/pages/service-provider/dashboard/analytics/page.tsx(188,54): error TS6133: 'index' is declared but its value is never read.
src/pages/service-provider/dashboard/layout.tsx(4,18): error TS2307: Cannot find module 'next/link' or its corresponding type declarations.
src/pages/service-provider/dashboard/layout.tsx(5,29): error TS2307: Cannot find module 'next/navigation' or its corresponding type declarations.
src/pages/service-provider/dashboard/layout.tsx(20,3): error TS6133: 'Store' is declared but its value is never read.
src/pages/service-provider/dashboard/page.tsx(15,3): error TS6133: 'CheckCircle' is declared but its value is never read.
src/pages/service-provider/dashboard/page.tsx(17,3): error TS6133: 'TrendingUp' is declared but its value is never read.
src/pages/service-provider/dashboard/page.tsx(26,3): error TS6133: 'Sparkles' is declared but its value is never read.
src/pages/service-provider/dashboard/page.tsx(28,3): error TS6133: 'ArrowUpRight' is declared but its value is never read.
src/pages/service-provider/dashboard/reviews/page.tsx(5,29): error TS6133: 'CardTitle' is declared but its value is never read.
src/pages/services/customer-support/page.tsx(10,3): error TS6133: 'Clock' is declared but its value is never read.
src/pages/services/customer-support/page.tsx(15,3): error TS6133: 'Star' is declared but its value is never read.
src/pages/services/customer-support/page.tsx(17,3): error TS6133: 'ArrowRight' is declared but its value is never read.
src/pages/services/customer-support/page.tsx(20,3): error TS6133: 'Zap' is declared but its value is never read.
src/pages/services/customer-support/page.tsx(21,3): error TS6133: 'Heart' is declared but its value is never read.
src/pages/services/customer-support/page.tsx(23,3): error TS6133: 'FileText' is declared but its value is never read.
src/pages/services/delivery/page.tsx(17,3): error TS6133: 'Mail' is declared but its value is never read.
src/pages/services/delivery/page.tsx(18,3): error TS6133: 'Calendar' is declared but its value is never read.
src/pages/services/delivery/page.tsx(20,3): error TS6133: 'Zap' is declared but its value is never read.
src/pages/services/delivery/page.tsx(21,3): error TS6133: 'Users' is declared but its value is never read.
src/pages/services/delivery/page.tsx(22,3): error TS6133: 'Target' is declared but its value is never read.
src/pages/services/page.tsx(249,22): error TS2304: Cannot find name 'Phone'.
src/pages/services/page.tsx(261,22): error TS2304: Cannot find name 'MessageCircle'.
src/pages/services/page.tsx(275,22): error TS2304: Cannot find name 'Mail'.
src/pages/services/vendor-onboarding/page.tsx(13,3): error TS6133: 'Package' is declared but its value is never read.
src/pages/services/vendor-onboarding/page.tsx(15,3): error TS6133: 'Star' is declared but its value is never read.
src/pages/services/vendor-onboarding/page.tsx(17,3): error TS6133: 'Mail' is declared but its value is never read.
src/pages/services/vendor-onboarding/page.tsx(20,3): error TS6133: 'Target' is declared but its value is never read.
src/pages/services/vendor-onboarding/page.tsx(21,3): error TS6133: 'Globe' is declared but its value is never read.
src/pages/services/vendor-onboarding/page.tsx(22,3): error TS6133: 'BarChart' is declared but its value is never read.
src/pages/shop/page.tsx(15,3): error TS6133: 'DropdownMenuItem' is declared but its value is never read.
src/pages/shop/page.tsx(54,24): error TS6133: 'setSearchParams' is declared but its value is never read.
src/pages/shop/page.tsx(68,10): error TS6133: 'isMobileFilterOpen' is declared but its value is never read.
src/pages/shop/page.tsx(68,30): error TS6133: 'setIsMobileFilterOpen' is declared but its value is never read.
src/pages/shop/page.tsx(291,23): error TS6133: 'aReviews' is declared but its value is never read.
src/pages/shop/page.tsx(292,23): error TS6133: 'bReviews' is declared but its value is never read.
src/pages/vendor/dashboard/analytics/page.tsx(27,3): error TS6133: 'BarChart' is declared but its value is never read.
src/pages/vendor/dashboard/analytics/page.tsx(48,9): error TS6133: 'activeStore' is declared but its value is never read.
src/pages/vendor/dashboard/analytics/page.tsx(100,58): error TS6133: 'previous' is declared but its value is never read.
src/pages/vendor/dashboard/bookings/page.tsx(5,29): error TS6133: 'CardHeader' is declared but its value is never read.
src/pages/vendor/dashboard/bookings/page.tsx(5,41): error TS6133: 'CardTitle' is declared but its value is never read.
src/pages/vendor/dashboard/bookings/page.tsx(18,3): error TS6133: 'Filter' is declared but its value is never read.
src/pages/vendor/dashboard/bookings/page.tsx(145,9): error TS6133: 'formatTime' is declared but its value is never read.
src/pages/vendor/dashboard/customers/page.tsx(5,29): error TS6133: 'CardHeader' is declared but its value is never read.
src/pages/vendor/dashboard/customers/page.tsx(5,41): error TS6133: 'CardTitle' is declared but its value is never read.
src/pages/vendor/dashboard/customers/page.tsx(101,21): error TS6133: 'setCustomers' is declared but its value is never read.
src/pages/vendor/dashboard/layout.tsx(22,3): error TS6133: 'Calendar' is declared but its value is never read.
src/pages/vendor/dashboard/layout.tsx(23,3): error TS6133: 'Wrench' is declared but its value is never read.
src/pages/vendor/dashboard/layout.tsx(24,3): error TS6133: 'Users' is declared but its value is never read.
src/pages/vendor/dashboard/layout.tsx(25,3): error TS6133: 'Star' is declared but its value is never read.
src/pages/vendor/dashboard/layout.tsx(38,11): error TS6133: 'vendor' is declared but its value is never read.
src/pages/vendor/dashboard/orders/page.tsx(5,29): error TS6133: 'CardHeader' is declared but its value is never read.
src/pages/vendor/dashboard/orders/page.tsx(5,41): error TS6133: 'CardTitle' is declared but its value is never read.
src/pages/vendor/dashboard/orders/page.tsx(60,9): error TS6133: 'activeStore' is declared but its value is never read.
src/pages/vendor/dashboard/page.tsx(17,3): error TS6133: 'ArrowUpRight' is declared but its value is never read.
src/pages/vendor/dashboard/page.tsx(46,11): error TS6133: 'vendor' is declared but its value is never read.
src/pages/vendor/dashboard/page.tsx(46,32): error TS6133: 'allStores' is declared but its value is never read.
src/pages/vendor/dashboard/page.tsx(59,10): error TS6133: 'keySequence' is declared but its value is never read.
src/pages/vendor/dashboard/reviews/page.tsx(11,3): error TS6133: 'Filter' is declared but its value is never read.
src/pages/vendor/dashboard/reviews/page.tsx(14,3): error TS6133: 'Calendar' is declared but its value is never read.
src/pages/vendor/dashboard/services/add/page.tsx(14,3): error TS6133: 'Upload' is declared but its value is never read.
src/pages/vendor/dashboard/services/add/page.tsx(16,3): error TS6133: 'Clock' is declared but its value is never read.
src/pages/vendor/dashboard/services/page.tsx(3,20): error TS6133: 'useEffect' is declared but its value is never read.
src/pages/vendor/dashboard/services/page.tsx(6,29): error TS6133: 'CardHeader' is declared but its value is never read.
src/pages/vendor/dashboard/services/page.tsx(6,41): error TS6133: 'CardTitle' is declared but its value is never read.
src/pages/vendor/register/page.tsx(4,1): error TS6133: 'useNavigate' is declared but its value is never read.
src/pages/vendor/stores/page.tsx(64,5): error TS2304: Cannot find name 'setDeletingStoreId'.
src/pages/vendor/stores/page.tsx(77,7): error TS2304: Cannot find name 'setDeletingStoreId'.
